Message: sidebar init
Source: http://localhost:8283/js/views/index/sidebar.js
Line: 20
-----------------------
Message: rendering jumbo button
Source: http://localhost:8283/js/views/index/sidebar_reload_button.js
Line: 29
-----------------------
Message: rendering sidebar controls
Source: http://localhost:8283/js/views/index/sidebar_controls.js
Line: 28
-----------------------
Message: Got server ip 192.168.0.120
Source: http://localhost:8283/js/models/index/serverip.js
Line: 23
-----------------------
Message: Got server info {"version":"MoSync Reload Version 1.0","timestamp":"130115-1200"}
Source: http://localhost:8283/js/models/index/serverinfo.js
Line: 23
-----------------------
Message: Got device info []
Source: http://localhost:8283/js/models/devices/devices.js
Line: 30
-----------------------
Message: 
Source: http://localhost:8283/js/models/devices/devices.js
Line: 34
-----------------------
Message: 
Source: http://localhost:8283/js/models/log/log.js
Line: 33
-----------------------
Message: Got project list
Source: http://localhost:8283/js/collections/projects.js
Line: 29
-----------------------
Message: [object Object]
Source: http://localhost:8283/js/views/index/sidebar_left_foot.js
Line: 15
-----------------------
Message: [object Object]
Source: http://localhost:8283/js/views/devices/main.js
Line: 15
-----------------------
Message: render menu
Source: http://localhost:8283/js/views/index/content_nav.js
Line: 32
-----------------------
Message: 
Source: http://localhost:8283/js/models/log/log.js
Line: 33
-----------------------
Message: Got project list
Source: http://localhost:8283/js/collections/projects.js
Line: 29
-----------------------
Message: Got server ip 192.168.0.120
Source: http://localhost:8283/js/models/index/serverip.js
Line: 23
-----------------------
Message: Got server info {"version":"MoSync Reload Version 1.0","timestamp":"130117-1206"}
Source: http://localhost:8283/js/models/index/serverinfo.js
Line: 23
-----------------------
Message: [object Object]
Source: http://localhost:8283/js/views/index/sidebar_controls.js
Line: 78
-----------------------
Message: Update project list
Source: http://localhost:8283/js/views/index/sidebar_controls.js
Line: 81
-----------------------
Message: Got project list
Source: http://localhost:8283/js/collections/projects.js
Line: 29
-----------------------
Message: [object Object]
Source: http://localhost:8283/js/views/index/sidebar_left_foot.js
Line: 15
-----------------------
Message: [object Object]
Source: http://localhost:8283/js/views/devices/main.js
Line: 15
-----------------------
Message: render menu
Source: http://localhost:8283/js/views/index/content_nav.js
Line: 32
-----------------------
Message: 
Source: http://localhost:8283/js/models/log/log.js
Line: 33
-----------------------
Message: Got project list
Source: http://localhost:8283/js/collections/projects.js
Line: 29
-----------------------
Message: Got server ip 192.168.0.120
Source: http://localhost:8283/js/models/index/serverip.js
Line: 23
-----------------------
Message: Got server info {"version":"MoSync Reload Version 1.0","timestamp":"130117-1206"}
Source: http://localhost:8283/js/models/index/serverinfo.js
Line: 23
-----------------------
Message: [object Object]
Source: http://localhost:8283/js/views/index/sidebar_left_foot.js
Line: 15
-----------------------
Message: [object Object]
Source: http://localhost:8283/js/views/devices/main.js
Line: 15
-----------------------
Message: render menu
Source: http://localhost:8283/js/views/index/content_nav.js
Line: 32
-----------------------
Message: 
Source: http://localhost:8283/js/models/log/log.js
Line: 33
-----------------------
Message: Got project list
Source: http://localhost:8283/js/collections/projects.js
Line: 29
-----------------------
Message: Got server ip 192.168.0.120
Source: http://localhost:8283/js/models/index/serverip.js
Line: 23
-----------------------
Message: Got server info {"version":"MoSync Reload Version 1.0","timestamp":"130117-1206"}
Source: http://localhost:8283/js/models/index/serverinfo.js
Line: 23
-----------------------
Message: [object Object]
Source: http://localhost:8283/js/views/index/sidebar_left_foot.js
Line: 15
-----------------------
Message: [object Object]
Source: http://localhost:8283/js/views/devices/main.js
Line: 15
-----------------------
Message: render menu
Source: http://localhost:8283/js/views/index/content_nav.js
Line: 32
-----------------------
Message: 
Source: http://localhost:8283/js/models/log/log.js
Line: 33
-----------------------
Message: Got project list
Source: http://localhost:8283/js/collections/projects.js
Line: 29
-----------------------
Message: Got server ip 192.168.0.120
Source: http://localhost:8283/js/models/index/serverip.js
Line: 23
-----------------------
Message: Got server info {"version":"MoSync Reload Version 1.0","timestamp":"130117-1206"}
Source: http://localhost:8283/js/models/index/serverinfo.js
Line: 23
-----------------------
Message: [object Object]
Source: http://localhost:8283/js/views/index/sidebar_left_foot.js
Line: 15
-----------------------
Message: [object Object]
Source: http://localhost:8283/js/views/devices/main.js
Line: 15
-----------------------
Message: render menu
Source: http://localhost:8283/js/views/index/content_nav.js
Line: 32
-----------------------
Message: 
Source: http://localhost:8283/js/models/log/log.js
Line: 33
-----------------------
Message: Got project list
Source: http://localhost:8283/js/collections/projects.js
Line: 29
-----------------------
Message: Got server ip 192.168.0.120
Source: http://localhost:8283/js/models/index/serverip.js
Line: 23
-----------------------
Message: Got server info {"version":"MoSync Reload Version 1.0","timestamp":"130117-1206"}
Source: http://localhost:8283/js/models/index/serverinfo.js
Line: 23
-----------------------
Message: [object Object]
Source: http://localhost:8283/js/views/index/sidebar_left_foot.js
Line: 15
-----------------------
Message: [object Object]
Source: http://localhost:8283/js/views/devices/main.js
Line: 15
-----------------------
Message: render menu
Source: http://localhost:8283/js/views/index/content_nav.js
Line: 32
-----------------------
Message: 
Source: http://localhost:8283/js/models/log/log.js
Line: 33
-----------------------
Message: Got project list
Source: http://localhost:8283/js/collections/projects.js
Line: 29
-----------------------
Message: Got server ip 192.168.0.120
Source: http://localhost:8283/js/models/index/serverip.js
Line: 23
-----------------------
Message: Got server info {"version":"MoSync Reload Version 1.0","timestamp":"130117-1206"}
Source: http://localhost:8283/js/models/index/serverinfo.js
Line: 23
-----------------------
Message: [object Object]
Source: http://localhost:8283/js/views/index/sidebar_left_foot.js
Line: 15
-----------------------
Message: [object Object]
Source: http://localhost:8283/js/views/devices/main.js
Line: 15
-----------------------
Message: render menu
Source: http://localhost:8283/js/views/index/content_nav.js
Line: 32
-----------------------
Message: 
Source: http://localhost:8283/js/models/log/log.js
Line: 33
-----------------------
Message: Got project list
Source: http://localhost:8283/js/collections/projects.js
Line: 29
-----------------------
Message: Got server ip 192.168.0.120
Source: http://localhost:8283/js/models/index/serverip.js
Line: 23
-----------------------
Message: Got server info {"version":"MoSync Reload Version 1.0","timestamp":"130117-1206"}
Source: http://localhost:8283/js/models/index/serverinfo.js
Line: 23
-----------------------
Message: [object Object]
Source: http://localhost:8283/js/views/index/sidebar_left_foot.js
Line: 15
-----------------------
Message: [object Object]
Source: http://localhost:8283/js/views/devices/main.js
Line: 15
-----------------------
Message: render menu
Source: http://localhost:8283/js/views/index/content_nav.js
Line: 32
-----------------------
Message: 
Source: http://localhost:8283/js/models/log/log.js
Line: 33
-----------------------
Message: Got project list
Source: http://localhost:8283/js/collections/projects.js
Line: 29
-----------------------
Message: Got server ip 192.168.0.120
Source: http://localhost:8283/js/models/index/serverip.js
Line: 23
-----------------------
Message: Got server info {"version":"MoSync Reload Version 1.0","timestamp":"130117-1206"}
Source: http://localhost:8283/js/models/index/serverinfo.js
Line: 23
-----------------------
Message: [object Object]
Source: http://localhost:8283/js/views/index/sidebar_left_foot.js
Line: 15
-----------------------
Message: [object Object]
Source: http://localhost:8283/js/views/devices/main.js
Line: 15
-----------------------
Message: render menu
Source: http://localhost:8283/js/views/index/content_nav.js
Line: 32
-----------------------
Message: 
Source: http://localhost:8283/js/models/log/log.js
Line: 33
-----------------------
Message: Got project list
Source: http://localhost:8283/js/collections/projects.js
Line: 29
-----------------------
Message: Got server ip 192.168.0.120
Source: http://localhost:8283/js/models/index/serverip.js
Line: 23
-----------------------
Message: Got server info {"version":"MoSync Reload Version 1.0","timestamp":"130117-1206"}
Source: http://localhost:8283/js/models/index/serverinfo.js
Line: 23
-----------------------
Message: [object Object]
Source: http://localhost:8283/js/views/index/sidebar_left_foot.js
Line: 15
-----------------------
Message: [object Object]
Source: http://localhost:8283/js/views/devices/main.js
Line: 15
-----------------------
Message: render menu
Source: http://localhost:8283/js/views/index/content_nav.js
Line: 32
-----------------------
Message: 
Source: http://localhost:8283/js/models/log/log.js
Line: 33
-----------------------
Message: Got project list
Source: http://localhost:8283/js/collections/projects.js
Line: 29
-----------------------
Message: Got server ip 192.168.0.120
Source: http://localhost:8283/js/models/index/serverip.js
Line: 23
-----------------------
Message: Got server info {"version":"MoSync Reload Version 1.0","timestamp":"130117-1206"}
Source: http://localhost:8283/js/models/index/serverinfo.js
Line: 23
-----------------------
Message: [object Object]
Source: http://localhost:8283/js/views/index/sidebar_left_foot.js
Line: 15
-----------------------
Message: [object Object]
Source: http://localhost:8283/js/views/devices/main.js
Line: 15
-----------------------
Message: render menu
Source: http://localhost:8283/js/views/index/content_nav.js
Line: 32
-----------------------
Message: 
Source: http://localhost:8283/js/models/log/log.js
Line: 33
-----------------------
Message: Got project list
Source: http://localhost:8283/js/collections/projects.js
Line: 29
-----------------------
Message: Got server ip 192.168.0.120
Source: http://localhost:8283/js/models/index/serverip.js
Line: 23
-----------------------
Message: Got server info {"version":"MoSync Reload Version 1.0","timestamp":"130117-1206"}
Source: http://localhost:8283/js/models/index/serverinfo.js
Line: 23
-----------------------
Message: [object Object]
Source: http://localhost:8283/js/views/index/sidebar_left_foot.js
Line: 15
-----------------------
Message: [object Object]
Source: http://localhost:8283/js/views/devices/main.js
Line: 15
-----------------------
Message: render menu
Source: http://localhost:8283/js/views/index/content_nav.js
Line: 32
-----------------------
Message: 
Source: http://localhost:8283/js/models/log/log.js
Line: 33
-----------------------
Message: Got project list
Source: http://localhost:8283/js/collections/projects.js
Line: 29
-----------------------
Message: Got server ip 192.168.0.120
Source: http://localhost:8283/js/models/index/serverip.js
Line: 23
-----------------------
Message: Got server info {"version":"MoSync Reload Version 1.0","timestamp":"130117-1206"}
Source: http://localhost:8283/js/models/index/serverinfo.js
Line: 23
-----------------------
Message: [object Object]
Source: http://localhost:8283/js/views/index/sidebar_left_foot.js
Line: 15
-----------------------
Message: [object Object]
Source: http://localhost:8283/js/views/devices/main.js
Line: 15
-----------------------
Message: render menu
Source: http://localhost:8283/js/views/index/content_nav.js
Line: 32
-----------------------
Message: 
Source: http://localhost:8283/js/models/log/log.js
Line: 33
-----------------------
Message: Got project list
Source: http://localhost:8283/js/collections/projects.js
Line: 29
-----------------------
Message: Got server ip 192.168.0.14
Source: http://localhost:8283/js/models/index/serverip.js
Line: 23
-----------------------
Message: Got server info {"version":"MoSync Reload Version 1.0","timestamp":"130117-1206"}
Source: http://localhost:8283/js/models/index/serverinfo.js
Line: 23
-----------------------
Message: project saved!
Source: http://localhost:8283/js/views/index/sidebar_controls.js
Line: 45
-----------------------
Message: aaaaaa
Source: http://localhost:8283/js/views/index/sidebar_controls.js
Line: 46
-----------------------
Message: [object Object]
Source: http://localhost:8283/js/views/index/sidebar_controls.js
Line: 49
-----------------------
Message: Uncaught TypeError: Object #<HTMLDivElement> has no method 'remove'
Source: http://localhost:8283/js/views/index/create_project_dialog.js
Line: 54
-----------------------
Message: [object Object]
Source: http://localhost:8283/js/views/index/sidebar_left_foot.js
Line: 15
-----------------------
Message: [object Object]
Source: http://localhost:8283/js/views/devices/main.js
Line: 15
-----------------------
Message: render menu
Source: http://localhost:8283/js/views/index/content_nav.js
Line: 32
-----------------------
Message: 
Source: http://localhost:8283/js/models/log/log.js
Line: 33
-----------------------
Message: Got project list
Source: http://localhost:8283/js/collections/projects.js
Line: 29
-----------------------
Message: Got server ip 192.168.0.14
Source: http://localhost:8283/js/models/index/serverip.js
Line: 23
-----------------------
Message: Got server info {"version":"MoSync Reload Version 1.0","timestamp":"130117-1206"}
Source: http://localhost:8283/js/models/index/serverinfo.js
Line: 23
-----------------------
Message: [object Object]
Source: http://localhost:8283/js/views/index/sidebar_left_foot.js
Line: 15
-----------------------
Message: [object Object]
Source: http://localhost:8283/js/views/devices/main.js
Line: 15
-----------------------
Message: render menu
Source: http://localhost:8283/js/views/index/content_nav.js
Line: 32
-----------------------
Message: 
Source: http://localhost:8283/js/models/log/log.js
Line: 33
-----------------------
Message: Got project list
Source: http://localhost:8283/js/collections/projects.js
Line: 29
-----------------------
Message: Got server ip 192.168.0.14
Source: http://localhost:8283/js/models/index/serverip.js
Line: 23
-----------------------
Message: Got server info {"version":"MoSync Reload Version 1.0","timestamp":"130117-1206"}
Source: http://localhost:8283/js/models/index/serverinfo.js
Line: 23
-----------------------
Message: [object Object]
Source: http://localhost:8283/js/views/index/sidebar_left_foot.js
Line: 15
-----------------------
Message: [object Object]
Source: http://localhost:8283/js/views/devices/main.js
Line: 15
-----------------------
Message: render menu
Source: http://localhost:8283/js/views/index/content_nav.js
Line: 32
-----------------------
Message: 
Source: http://localhost:8283/js/models/log/log.js
Line: 33
-----------------------
Message: Got project list
Source: http://localhost:8283/js/collections/projects.js
Line: 29
-----------------------
Message: Got server ip 192.168.0.14
Source: http://localhost:8283/js/models/index/serverip.js
Line: 23
-----------------------
Message: Got server info {"version":"MoSync Reload Version 1.0","timestamp":"130117-1206"}
Source: http://localhost:8283/js/models/index/serverinfo.js
Line: 23
-----------------------
Message: [object Object]
Source: http://localhost:8283/js/views/index/sidebar_left_foot.js
Line: 15
-----------------------
Message: [object Object]
Source: http://localhost:8283/js/views/devices/main.js
Line: 15
-----------------------
Message: render menu
Source: http://localhost:8283/js/views/index/content_nav.js
Line: 32
-----------------------
Message: 
Source: http://localhost:8283/js/models/log/log.js
Line: 33
-----------------------
Message: Got project list
Source: http://localhost:8283/js/collections/projects.js
Line: 29
-----------------------
Message: Got server ip 192.168.0.14
Source: http://localhost:8283/js/models/index/serverip.js
Line: 23
-----------------------
Message: Got server info {"version":"MoSync Reload Version 1.0","timestamp":"130117-1206"}
Source: http://localhost:8283/js/models/index/serverinfo.js
Line: 23
-----------------------
Message: [object Object]
Source: http://localhost:8283/js/views/index/sidebar_left_foot.js
Line: 15
-----------------------
Message: [object Object]
Source: http://localhost:8283/js/views/devices/main.js
Line: 15
-----------------------
Message: render menu
Source: http://localhost:8283/js/views/index/content_nav.js
Line: 32
-----------------------
Message: 
Source: http://localhost:8283/js/models/log/log.js
Line: 33
-----------------------
Message: Got project list
Source: http://localhost:8283/js/collections/projects.js
Line: 29
-----------------------
Message: Got server ip 192.168.0.14
Source: http://localhost:8283/js/models/index/serverip.js
Line: 23
-----------------------
Message: Got server info {"version":"MoSync Reload Version 1.0","timestamp":"130117-1206"}
Source: http://localhost:8283/js/models/index/serverinfo.js
Line: 23
-----------------------
Message: [object Object]
Source: http://localhost:8283/js/views/index/sidebar_left_foot.js
Line: 15
-----------------------
Message: [object Object]
Source: http://localhost:8283/js/views/devices/main.js
Line: 15
-----------------------
Message: render menu
Source: http://localhost:8283/js/views/index/content_nav.js
Line: 32
-----------------------
Message: 
Source: http://localhost:8283/js/models/log/log.js
Line: 33
-----------------------
Message: Got project list
Source: http://localhost:8283/js/collections/projects.js
Line: 29
-----------------------
Message: Got server ip 192.168.0.14
Source: http://localhost:8283/js/models/index/serverip.js
Line: 23
-----------------------
Message: Got server info {"version":"MoSync Reload Version 1.0","timestamp":"130117-1206"}
Source: http://localhost:8283/js/models/index/serverinfo.js
Line: 23
-----------------------
Message: [object Object]
Source: http://localhost:8283/js/views/index/sidebar_left_foot.js
Line: 15
-----------------------
Message: [object Object]
Source: http://localhost:8283/js/views/devices/main.js
Line: 15
-----------------------
Message: render menu
Source: http://localhost:8283/js/views/index/content_nav.js
Line: 32
-----------------------
Message: 
Source: http://localhost:8283/js/models/log/log.js
Line: 33
-----------------------
Message: Got project list
Source: http://localhost:8283/js/collections/projects.js
Line: 29
-----------------------
Message: Got server ip 192.168.0.14
Source: http://localhost:8283/js/models/index/serverip.js
Line: 23
-----------------------
Message: Got server info {"version":"MoSync Reload Version 1.0","timestamp":"130117-1206"}
Source: http://localhost:8283/js/models/index/serverinfo.js
Line: 23
-----------------------
Message: [object Object]
Source: http://localhost:8283/js/views/index/sidebar_left_foot.js
Line: 15
-----------------------
Message: [object Object]
Source: http://localhost:8283/js/views/devices/main.js
Line: 15
-----------------------
Message: render menu
Source: http://localhost:8283/js/views/index/content_nav.js
Line: 32
-----------------------
Message: 
Source: http://localhost:8283/js/models/log/log.js
Line: 33
-----------------------
Message: Got project list
Source: http://localhost:8283/js/collections/projects.js
Line: 29
-----------------------
Message: Got server ip 192.168.0.14
Source: http://localhost:8283/js/models/index/serverip.js
Line: 23
-----------------------
Message: Got server info {"version":"MoSync Reload Version 1.0","timestamp":"130117-1206"}
Source: http://localhost:8283/js/models/index/serverinfo.js
Line: 23
-----------------------
Message: [object Object]
Source: http://localhost:8283/js/views/index/sidebar_left_foot.js
Line: 15
-----------------------
Message: [object Object]
Source: http://localhost:8283/js/views/devices/main.js
Line: 15
-----------------------
Message: render menu
Source: http://localhost:8283/js/views/index/content_nav.js
Line: 32
-----------------------
Message: 
Source: http://localhost:8283/js/models/log/log.js
Line: 33
-----------------------
Message: Got project list
Source: http://localhost:8283/js/collections/projects.js
Line: 29
-----------------------
Message: Got server ip 192.168.0.14
Source: http://localhost:8283/js/models/index/serverip.js
Line: 23
-----------------------
Message: Got server info {"version":"MoSync Reload Version 1.0","timestamp":"130117-1206"}
Source: http://localhost:8283/js/models/index/serverinfo.js
Line: 23
-----------------------
Message: [object Object]
Source: http://localhost:8283/js/views/index/sidebar_left_foot.js
Line: 15
-----------------------
Message: [object Object]
Source: http://localhost:8283/js/views/devices/main.js
Line: 15
-----------------------
Message: render menu
Source: http://localhost:8283/js/views/index/content_nav.js
Line: 32
-----------------------
Message: 
Source: http://localhost:8283/js/models/log/log.js
Line: 33
-----------------------
Message: Got project list
Source: http://localhost:8283/js/collections/projects.js
Line: 29
-----------------------
Message: Got server ip 192.168.0.14
Source: http://localhost:8283/js/models/index/serverip.js
Line: 23
-----------------------
Message: Got server info {"version":"MoSync Reload Version 1.0","timestamp":"130117-1206"}
Source: http://localhost:8283/js/models/index/serverinfo.js
Line: 23
-----------------------
Message: [object Object]
Source: http://localhost:8283/js/views/index/content_nav.js
Line: 23
-----------------------
Message: [object Object]
Source: http://localhost:8283/js/views/index/content_nav.js
Line: 23
-----------------------
Message: [object Object]
Source: http://localhost:8283/js/views/index/content_nav.js
Line: 23
-----------------------
Message: [object Object]
Source: http://localhost:8283/js/views/index/content_nav.js
Line: 23
-----------------------
Message: [object Object]
Source: http://localhost:8283/js/views/index/content_nav.js
Line: 23
-----------------------
Message: [object Object]
Source: http://localhost:8283/js/views/index/content_nav.js
Line: 23
-----------------------
Message: <div class="span12" style="padding-top: 10px;">
<iframe
    src="http://localhost:8080/client/#anonymous"
    height="500"
    width="100%"
    ></iframe>
</div>

Source: http://localhost:8283/js/views/debug/main.js
Line: 16
-----------------------
Message: [object Object]
Source: http://localhost:8283/js/views/debug/main.js
Line: 19
-----------------------
Message: sidebar is set!
Source: http://localhost:8283/js/viewhandler.js
Line: 22
-----------------------
Message: nav is set!
Source: http://localhost:8283/js/viewhandler.js
Line: 30
-----------------------
Message: [object Object]
Source: http://localhost:8283/js/views/index/content_nav.js
Line: 23
-----------------------
Message: [object Object]
Source: http://localhost:8283/js/views/index/content_nav.js
Line: 23
-----------------------
Message: [object Object]
Source: http://localhost:8283/js/views/index/content_nav.js
Line: 23
-----------------------
Message: [object Object]
Source: http://localhost:8283/js/views/index/content_nav.js
Line: 23
-----------------------
Message: [object Object]
Source: http://localhost:8283/js/views/index/content_nav.js
Line: 23
-----------------------
Message: [object Object]
Source: http://localhost:8283/js/views/index/content_nav.js
Line: 23
-----------------------
Message: close debug
Source: http://localhost:8283/js/views/debug/main.js
Line: 25
-----------------------
Message: sidebar is set!
Source: http://localhost:8283/js/viewhandler.js
Line: 22
-----------------------
Message: nav is set!
Source: http://localhost:8283/js/viewhandler.js
Line: 30
-----------------------
Message: [object Object]
Source: http://localhost:8283/js/views/index/content_nav.js
Line: 23
-----------------------
Message: [object Object]
Source: http://localhost:8283/js/views/index/content_nav.js
Line: 23
-----------------------
Message: [object Object]
Source: http://localhost:8283/js/views/index/content_nav.js
Line: 23
-----------------------
Message: [object Object]
Source: http://localhost:8283/js/views/index/content_nav.js
Line: 23
-----------------------
Message: [object Object]
Source: http://localhost:8283/js/views/index/content_nav.js
Line: 23
-----------------------
Message: [object Object]
Source: http://localhost:8283/js/views/index/content_nav.js
Line: 23
-----------------------
Message: sidebar is set!
Source: http://localhost:8283/js/viewhandler.js
Line: 22
-----------------------
Message: nav is set!
Source: http://localhost:8283/js/viewhandler.js
Line: 30
-----------------------
Message: 
Source: http://localhost:8283/js/models/log/log.js
Line: 33
-----------------------
Message: 
Source: http://localhost:8283/js/models/log/log.js
Line: 33
-----------------------
Message: 
Source: http://localhost:8283/js/models/log/log.js
Line: 33
-----------------------
Message: 
Source: http://localhost:8283/js/models/log/log.js
Line: 33
-----------------------
Message: 
Source: http://localhost:8283/js/models/log/log.js
Line: 33
-----------------------
Message: 
Source: http://localhost:8283/js/models/log/log.js
Line: 33
-----------------------
Message: 
Source: http://localhost:8283/js/models/log/log.js
Line: 33
-----------------------
Message: 
Source: http://localhost:8283/js/models/log/log.js
Line: 33
-----------------------
Message: 
Source: http://localhost:8283/js/models/log/log.js
Line: 33
-----------------------
Message: 
Source: http://localhost:8283/js/models/log/log.js
Line: 33
-----------------------
Message: 
Source: http://localhost:8283/js/models/log/log.js
Line: 33
-----------------------
Message: 
Source: http://localhost:8283/js/models/log/log.js
Line: 33
-----------------------
Message: 
Source: http://localhost:8283/js/models/log/log.js
Line: 33
-----------------------
Message: 
Source: http://localhost:8283/js/models/log/log.js
Line: 33
-----------------------
Message: 
Source: http://localhost:8283/js/models/log/log.js
Line: 33
-----------------------
Message: 
Source: http://localhost:8283/js/models/log/log.js
Line: 33
-----------------------
Message: 
Source: http://localhost:8283/js/models/log/log.js
Line: 33
-----------------------
Message: 
Source: http://localhost:8283/js/models/log/log.js
Line: 33
-----------------------
Message: 
Source: http://localhost:8283/js/models/log/log.js
Line: 33
-----------------------
Message: 
Source: http://localhost:8283/js/models/log/log.js
Line: 33
-----------------------
Message: 
Source: http://localhost:8283/js/models/log/log.js
Line: 33
-----------------------
Message: 
Source: http://localhost:8283/js/models/log/log.js
Line: 33
-----------------------
Message: 
Source: http://localhost:8283/js/models/log/log.js
Line: 33
-----------------------
Message: 
Source: http://localhost:8283/js/models/log/log.js
Line: 33
-----------------------
Message: 
Source: http://localhost:8283/js/models/log/log.js
Line: 33
-----------------------
Message: 
Source: http://localhost:8283/js/models/log/log.js
Line: 33
-----------------------
Message: 
Source: http://localhost:8283/js/models/log/log.js
Line: 33
-----------------------
Message: 
Source: http://localhost:8283/js/models/log/log.js
Line: 33
-----------------------
Message: 
Source: http://localhost:8283/js/models/log/log.js
Line: 33
-----------------------
Message: 
Source: http://localhost:8283/js/models/log/log.js
Line: 33
-----------------------
Message: 
Source: http://localhost:8283/js/models/log/log.js
Line: 33
-----------------------
Message: 
Source: http://localhost:8283/js/models/log/log.js
Line: 33
-----------------------
Message: 
Source: http://localhost:8283/js/models/log/log.js
Line: 33
-----------------------
Message: 
Source: http://localhost:8283/js/models/log/log.js
Line: 33
-----------------------
Message: 
Source: http://localhost:8283/js/models/log/log.js
Line: 33
-----------------------
Message: 
Source: http://localhost:8283/js/models/log/log.js
Line: 33
-----------------------
Message: 
Source: http://localhost:8283/js/models/log/log.js
Line: 33
-----------------------
Message: 
Source: http://localhost:8283/js/models/log/log.js
Line: 33
-----------------------
Message: [object Object]
Source: http://localhost:8283/js/views/index/sidebar_left_foot.js
Line: 15
-----------------------
Message: [object Object]
Source: http://localhost:8283/js/views/devices/main.js
Line: 15
-----------------------
Message: render menu
Source: http://localhost:8283/js/views/index/content_nav.js
Line: 32
-----------------------
Message: 
Source: http://localhost:8283/js/models/log/log.js
Line: 33
-----------------------
Message: Got project list
Source: http://localhost:8283/js/collections/projects.js
Line: 29
-----------------------
Message: Got server ip 192.168.0.14
Source: http://localhost:8283/js/models/index/serverip.js
Line: 23
-----------------------
Message: Got server info {"version":"MoSync Reload Version 1.0","timestamp":"130117-1206"}
Source: http://localhost:8283/js/models/index/serverinfo.js
Line: 23
-----------------------
Message: [object Object]
Source: http://localhost:8283/js/views/index/sidebar_left_foot.js
Line: 15
-----------------------
Message: [object Object]
Source: http://localhost:8283/js/views/devices/main.js
Line: 15
-----------------------
Message: render menu
Source: http://localhost:8283/js/views/index/content_nav.js
Line: 32
-----------------------
Message: 
Source: http://localhost:8283/js/models/log/log.js
Line: 33
-----------------------
Message: Got project list
Source: http://localhost:8283/js/collections/projects.js
Line: 29
-----------------------
Message: Got server ip 192.168.0.14
Source: http://localhost:8283/js/models/index/serverip.js
Line: 23
-----------------------
Message: Got server info {"version":"MoSync Reload Version 1.0","timestamp":"130117-1206"}
Source: http://localhost:8283/js/models/index/serverinfo.js
Line: 23
-----------------------
Message: [object Object]
Source: http://localhost:8283/js/views/index/sidebar_left_foot.js
Line: 15
-----------------------
Message: [object Object]
Source: http://localhost:8283/js/views/devices/main.js
Line: 15
-----------------------
Message: render menu
Source: http://localhost:8283/js/views/index/content_nav.js
Line: 32
-----------------------
Message: 
Source: http://localhost:8283/js/models/log/log.js
Line: 33
-----------------------
Message: Got project list
Source: http://localhost:8283/js/collections/projects.js
Line: 29
-----------------------
Message: Got server ip 192.168.0.14
Source: http://localhost:8283/js/models/index/serverip.js
Line: 23
-----------------------
Message: Got server info {"version":"MoSync Reload Version 1.0","timestamp":"130117-1206"}
Source: http://localhost:8283/js/models/index/serverinfo.js
Line: 23
-----------------------
Message: [object Object]
Source: http://localhost:8283/js/views/index/sidebar_left_foot.js
Line: 15
-----------------------
Message: [object Object]
Source: http://localhost:8283/js/views/devices/main.js
Line: 15
-----------------------
Message: render menu
Source: http://localhost:8283/js/views/index/content_nav.js
Line: 32
-----------------------
Message: 
Source: http://localhost:8283/js/models/log/log.js
Line: 33
-----------------------
Message: Got project list
Source: http://localhost:8283/js/collections/projects.js
Line: 29
-----------------------
Message: Got server ip 192.168.0.14
Source: http://localhost:8283/js/models/index/serverip.js
Line: 23
-----------------------
Message: Got server info {"version":"MoSync Reload Version 1.0","timestamp":"130117-1206"}
Source: http://localhost:8283/js/models/index/serverinfo.js
Line: 23
-----------------------
Message: [object Object]
Source: http://localhost:8283/js/views/index/sidebar_left_foot.js
Line: 15
-----------------------
Message: [object Object]
Source: http://localhost:8283/js/views/devices/main.js
Line: 15
-----------------------
Message: render menu
Source: http://localhost:8283/js/views/index/content_nav.js
Line: 32
-----------------------
Message: 
Source: http://localhost:8283/js/models/log/log.js
Line: 33
-----------------------
Message: Got project list
Source: http://localhost:8283/js/collections/projects.js
Line: 29
-----------------------
Message: Got server ip 192.168.0.14
Source: http://localhost:8283/js/models/index/serverip.js
Line: 23
-----------------------
Message: Got server info {"version":"MoSync Reload Version 1.0","timestamp":"130117-1206"}
Source: http://localhost:8283/js/models/index/serverinfo.js
Line: 23
-----------------------
Message: could not get client info
Source: http://localhost:8283/js/models/devices/devices.js
Line: 40
-----------------------
Message: [object Object]
Source: http://localhost:8283/js/models/devices/devices.js
Line: 41
-----------------------
Message: could not get client info
Source: http://localhost:8283/js/models/devices/devices.js
Line: 40
-----------------------
Message: [object Object]
Source: http://localhost:8283/js/models/devices/devices.js
Line: 41
-----------------------
Message: [object Object]
Source: http://localhost:8283/js/views/index/sidebar_left_foot.js
Line: 15
-----------------------
Message: [object Object]
Source: http://localhost:8283/js/views/devices/main.js
Line: 15
-----------------------
Message: render menu
Source: http://localhost:8283/js/views/index/content_nav.js
Line: 32
-----------------------
Message: 
Source: http://localhost:8283/js/models/log/log.js
Line: 33
-----------------------
Message: Got project list
Source: http://localhost:8283/js/collections/projects.js
Line: 29
-----------------------
Message: Got server ip 192.168.0.14
Source: http://localhost:8283/js/models/index/serverip.js
Line: 23
-----------------------
Message: Got server info {"version":"MoSync Reload Version 1.0","timestamp":"130117-1206"}
Source: http://localhost:8283/js/models/index/serverinfo.js
Line: 23
-----------------------
Message: [object Object]
Source: http://localhost:8283/js/views/index/sidebar_left_foot.js
Line: 15
-----------------------
Message: [object Object]
Source: http://localhost:8283/js/views/devices/main.js
Line: 15
-----------------------
Message: render menu
Source: http://localhost:8283/js/views/index/content_nav.js
Line: 32
-----------------------
Message: 
Source: http://localhost:8283/js/models/log/log.js
Line: 33
-----------------------
Message: Got project list
Source: http://localhost:8283/js/collections/projects.js
Line: 29
-----------------------
Message: Got server ip 192.168.0.14
Source: http://localhost:8283/js/models/index/serverip.js
Line: 23
-----------------------
Message: Got server info {"version":"MoSync Reload Version 1.0","timestamp":"130117-1206"}
Source: http://localhost:8283/js/models/index/serverinfo.js
Line: 23
-----------------------
Message: [object Object]
Source: http://localhost:8283/js/views/index/sidebar_left_foot.js
Line: 15
-----------------------
Message: [object Object]
Source: http://localhost:8283/js/views/devices/main.js
Line: 15
-----------------------
Message: render menu
Source: http://localhost:8283/js/views/index/content_nav.js
Line: 32
-----------------------
Message: 
Source: http://localhost:8283/js/models/log/log.js
Line: 33
-----------------------
Message: Got project list
Source: http://localhost:8283/js/collections/projects.js
Line: 29
-----------------------
Message: Got server ip 192.168.0.14
Source: http://localhost:8283/js/models/index/serverip.js
Line: 23
-----------------------
Message: Got server info {"version":"MoSync Reload Version 1.0","timestamp":"130117-1206"}
Source: http://localhost:8283/js/models/index/serverinfo.js
Line: 23
-----------------------
Message: [object Object]
Source: http://localhost:8283/js/views/index/sidebar_left_foot.js
Line: 15
-----------------------
Message: [object Object]
Source: http://localhost:8283/js/views/devices/main.js
Line: 15
-----------------------
Message: render menu
Source: http://localhost:8283/js/views/index/content_nav.js
Line: 32
-----------------------
Message: 
Source: http://localhost:8283/js/models/log/log.js
Line: 33
-----------------------
Message: Got project list
Source: http://localhost:8283/js/collections/projects.js
Line: 29
-----------------------
Message: Got server ip 192.168.0.14
Source: http://localhost:8283/js/models/index/serverip.js
Line: 23
-----------------------
Message: Got server info {"version":"MoSync Reload Version 1.0","timestamp":"130117-1206"}
Source: http://localhost:8283/js/models/index/serverinfo.js
Line: 23
-----------------------
Message: [object Object]
Source: http://localhost:8283/js/views/index/sidebar_left_foot.js
Line: 15
-----------------------
Message: [object Object]
Source: http://localhost:8283/js/views/devices/main.js
Line: 15
-----------------------
Message: render menu
Source: http://localhost:8283/js/views/index/content_nav.js
Line: 32
-----------------------
Message: 
Source: http://localhost:8283/js/models/log/log.js
Line: 33
-----------------------
Message: Got project list
Source: http://localhost:8283/js/collections/projects.js
Line: 29
-----------------------
Message: Got server ip 192.168.0.14
Source: http://localhost:8283/js/models/index/serverip.js
Line: 23
-----------------------
Message: Got server info {"version":"MoSync Reload Version 1.0","timestamp":"130117-1206"}
Source: http://localhost:8283/js/models/index/serverinfo.js
Line: 23
-----------------------
Message: project saved!
Source: http://localhost:8283/js/views/index/sidebar_controls.js
Line: 45
-----------------------
Message: aaaaaaasaas
Source: http://localhost:8283/js/views/index/sidebar_controls.js
Line: 46
-----------------------
Message: [object Object]
Source: http://localhost:8283/js/views/index/sidebar_controls.js
Line: 49
-----------------------
Message: Uncaught TypeError: Object #<HTMLDivElement> has no method 'remove'
Source: http://localhost:8283/js/views/index/create_project_dialog.js
Line: 54
-----------------------
